<?xml version="1.0" encoding="UTF-8"?>
<!-- Generated by org.testng.reporters.JUnitReportReporter -->
<testsuite hostname="DESKTOP-DIOO17K" failures="0" tests="1" name="practice1.GetAndPost" time="2.213" errors="0" timestamp="2023-08-17T09:59:54 IST" skipped="0">
  <testcase classname="practice1.GetAndPost" name="deletemethod" time="2.213"/>
</testsuite> <!-- practice1.GetAndPost -->
