<?xml version="1.0" encoding="UTF-8"?>
<!-- Generated by org.testng.reporters.JUnitReportReporter -->
<testsuite hostname="DESKTOP-DIOO17K" failures="0" tests="1" name="practice1.PatchPUTandDelete" time="1.545" errors="0" timestamp="2023-08-16T13:25:41 IST" skipped="0">
  <testcase classname="practice1.PatchPUTandDelete" name="deletemethod" time="1.545"/>
</testsuite> <!-- practice1.PatchPUTandDelete -->
