<?xml version="1.0" encoding="UTF-8"?>
<!-- Generated by org.testng.reporters.JUnitReportReporter -->
<testsuite hostname="DESKTOP-DIOO17K" failures="0" tests="1" name="practice1.first" time="1.895" errors="0" timestamp="2023-08-17T09:34:08 IST" skipped="0">
  <testcase classname="practice1.first" name="first" time="1.895"/>
</testsuite> <!-- practice1.first -->
